ERROR 20 [2018-08-26 09:02:36,073] org.connection.TCPConn_Server - Inbound Server crash!!!
java.io.IOException: bind() failed: 地址已在使用
	at io.netty.channel.epoll.Native.newIOException(Native.java:124)
	at io.netty.channel.epoll.Native.bind(Native.java:390)
	at io.netty.channel.epoll.EpollServerSocketChannel.doBind(EpollServerSocketChannel.java:62)
	at io.netty.channel.AbstractChannel$AbstractUnsafe.bind(AbstractChannel.java:554)
	at io.netty.channel.DefaultChannelPipeline$HeadContext.bind(DefaultChannelPipeline.java:1237)
	at io.netty.channel.ChannelHandlerInvokerUtil.invokeBindNow(ChannelHandlerInvokerUtil.java:109)
	at io.netty.channel.DefaultChannelHandlerInvoker.invokeBind(DefaultChannelHandlerInvoker.java:214)
	at io.netty.channel.PausableChannelEventExecutor.invokeBind(PausableChannelEventExecutor.java:101)
	at io.netty.channel.AbstractChannelHandlerContext.bind(AbstractChannelHandlerContext.java:481)
	at io.netty.channel.DefaultChannelPipeline.bind(DefaultChannelPipeline.java:1013)
	at io.netty.channel.AbstractChannel.bind(AbstractChannel.java:236)
	at io.netty.bootstrap.AbstractBootstrap$2.run(AbstractBootstrap.java:357)
	at io.netty.util.concurrent.SingleThreadEventExecutor.runAllTasks(SingleThreadEventExecutor.java:328)
	at io.netty.channel.epoll.EpollEventLoop.run(EpollEventLoop.java:254)
	at io.netty.util.concurrent.SingleThreadEventExecutor$2.run(SingleThreadEventExecutor.java:116)
	at java.util.concurrent.ThreadPoolExecutor.runWorker(ThreadPoolExecutor.java:1149)
	at java.util.concurrent.ThreadPoolExecutor$Worker.run(ThreadPoolExecutor.java:624)
	at java.lang.Thread.run(Thread.java:748)
INFO 29 [2018-08-26 09:06:08,764] org.connection.HttpServerInboundHandler - HttpServerInboundHandler.channelRead
INFO 29 [2018-08-26 09:09:54,135] org.connection.HttpServerInboundHandler - HttpServerInboundHandler.channelRead
INFO 29 [2018-08-26 09:18:04,809] org.connection.HttpServerInboundHandler - HttpServerInboundHandler.channelRead
INFO 30 [2018-08-26 09:20:23,513] org.connection.HttpClientInboundHandler - HttpServerInboundHandler.channelRead
INFO 30 [2018-08-26 09:21:02,459] org.connection.HttpClientInboundHandler - HttpServerInboundHandler.channelRead
INFO 30 [2018-08-26 09:21:02,631] org.connection.HttpClientInboundHandler - HttpServerInboundHandler.channelRead
INFO 30 [2018-08-26 09:21:02,650] org.connection.HttpClientInboundHandler - HttpServerInboundHandler.channelRead
INFO 30 [2018-08-26 09:21:02,661] org.connection.HttpClientInboundHandler - HttpServerInboundHandler.channelRead
INFO 30 [2018-08-26 09:21:02,669] org.connection.HttpClientInboundHandler - HttpServerInboundHandler.channelRead
INFO 30 [2018-08-26 09:21:02,676] org.connection.HttpClientInboundHandler - HttpServerInboundHandler.channelRead
INFO 30 [2018-08-26 09:21:02,684] org.connection.HttpClientInboundHandler - HttpServerInboundHandler.channelRead
INFO 30 [2018-08-26 09:21:02,692] org.connection.HttpClientInboundHandler - HttpServerInboundHandler.channelRead
INFO 30 [2018-08-26 09:21:02,694] org.connection.HttpClientInboundHandler - HttpServerInboundHandler.channelRead
INFO 30 [2018-08-26 09:21:02,697] org.connection.HttpClientInboundHandler - HttpServerInboundHandler.channelRead
INFO 30 [2018-08-26 09:21:02,700] org.connection.HttpClientInboundHandler - HttpServerInboundHandler.channelRead
INFO 30 [2018-08-26 09:21:02,702] org.connection.HttpClientInboundHandler - HttpServerInboundHandler.channelRead
INFO 30 [2018-08-26 09:21:02,704] org.connection.HttpClientInboundHandler - HttpServerInboundHandler.channelRead
INFO 30 [2018-08-26 09:21:02,706] org.connection.HttpClientInboundHandler - HttpServerInboundHandler.channelRead
INFO 30 [2018-08-26 09:21:02,708] org.connection.HttpClientInboundHandler - HttpServerInboundHandler.channelRead
INFO 30 [2018-08-26 09:21:02,710] org.connection.HttpClientInboundHandler - HttpServerInboundHandler.channelRead
INFO 30 [2018-08-26 09:21:02,712] org.connection.HttpClientInboundHandler - HttpServerInboundHandler.channelRead
INFO 30 [2018-08-26 09:21:02,714] org.connection.HttpClientInboundHandler - HttpServerInboundHandler.channelRead
INFO 30 [2018-08-26 09:21:02,716] org.connection.HttpClientInboundHandler - HttpServerInboundHandler.channelRead
INFO 30 [2018-08-26 09:21:02,718] org.connection.HttpClientInboundHandler - HttpServerInboundHandler.channelRead
INFO 30 [2018-08-26 09:21:02,721] org.connection.HttpClientInboundHandler - HttpServerInboundHandler.channelRead
INFO 30 [2018-08-26 09:21:02,723] org.connection.HttpClientInboundHandler - HttpServerInboundHandler.channelRead
INFO 30 [2018-08-26 09:21:02,726] org.connection.HttpClientInboundHandler - HttpServerInboundHandler.channelRead
INFO 30 [2018-08-26 09:21:02,728] org.connection.HttpClientInboundHandler - HttpServerInboundHandler.channelRead
INFO 30 [2018-08-26 09:22:01,864] org.connection.HttpClientInboundHandler - HttpServerInboundHandler.channelRead
INFO 30 [2018-08-26 09:22:01,982] org.connection.HttpClientInboundHandler - HttpServerInboundHandler.channelRead
INFO 30 [2018-08-26 09:22:01,993] org.connection.HttpClientInboundHandler - HttpServerInboundHandler.channelRead
INFO 30 [2018-08-26 09:22:02,003] org.connection.HttpClientInboundHandler - HttpServerInboundHandler.channelRead
INFO 30 [2018-08-26 09:22:02,011] org.connection.HttpClientInboundHandler - HttpServerInboundHandler.channelRead
INFO 30 [2018-08-26 09:22:02,019] org.connection.HttpClientInboundHandler - HttpServerInboundHandler.channelRead
INFO 30 [2018-08-26 09:22:02,027] org.connection.HttpClientInboundHandler - HttpServerInboundHandler.channelRead
INFO 30 [2018-08-26 09:22:02,035] org.connection.HttpClientInboundHandler - HttpServerInboundHandler.channelRead
INFO 30 [2018-08-26 09:22:02,037] org.connection.HttpClientInboundHandler - HttpServerInboundHandler.channelRead
INFO 30 [2018-08-26 09:22:02,040] org.connection.HttpClientInboundHandler - HttpServerInboundHandler.channelRead
INFO 30 [2018-08-26 09:22:02,042] org.connection.HttpClientInboundHandler - HttpServerInboundHandler.channelRead
INFO 30 [2018-08-26 09:22:02,044] org.connection.HttpClientInboundHandler - HttpServerInboundHandler.channelRead
INFO 30 [2018-08-26 09:22:02,046] org.connection.HttpClientInboundHandler - HttpServerInboundHandler.channelRead
INFO 30 [2018-08-26 09:22:02,048] org.connection.HttpClientInboundHandler - HttpServerInboundHandler.channelRead
INFO 30 [2018-08-26 09:22:02,050] org.connection.HttpClientInboundHandler - HttpServerInboundHandler.channelRead
INFO 30 [2018-08-26 09:22:02,052] org.connection.HttpClientInboundHandler - HttpServerInboundHandler.channelRead
INFO 30 [2018-08-26 09:22:02,054] org.connection.HttpClientInboundHandler - HttpServerInboundHandler.channelRead
INFO 30 [2018-08-26 09:22:02,056] org.connection.HttpClientInboundHandler - HttpServerInboundHandler.channelRead
INFO 30 [2018-08-26 09:22:02,058] org.connection.HttpClientInboundHandler - HttpServerInboundHandler.channelRead
INFO 30 [2018-08-26 09:22:02,061] org.connection.HttpClientInboundHandler - HttpServerInboundHandler.channelRead
INFO 30 [2018-08-26 09:22:02,063] org.connection.HttpClientInboundHandler - HttpServerInboundHandler.channelRead
INFO 30 [2018-08-26 09:22:02,065] org.connection.HttpClientInboundHandler - HttpServerInboundHandler.channelRead
INFO 30 [2018-08-26 09:22:02,068] org.connection.HttpClientInboundHandler - HttpServerInboundHandler.channelRead
INFO 30 [2018-08-26 09:22:02,070] org.connection.HttpClientInboundHandler - HttpServerInboundHandler.channelRead
INFO 30 [2018-08-26 09:23:13,925] org.connection.HttpClientInboundHandler - HttpServerInboundHandler.channelRead
INFO 30 [2018-08-26 09:24:58,491] org.connection.HttpClientInboundHandler - HttpServerInboundHandler.channelRead
INFO 30 [2018-08-26 09:24:58,506] org.connection.HttpClientInboundHandler - HttpServerInboundHandler.channelRead
INFO 30 [2018-08-26 09:24:58,515] org.connection.HttpClientInboundHandler - HttpServerInboundHandler.channelRead
INFO 30 [2018-08-26 09:24:58,523] org.connection.HttpClientInboundHandler - HttpServerInboundHandler.channelRead
INFO 30 [2018-08-26 09:24:58,531] org.connection.HttpClientInboundHandler - HttpServerInboundHandler.channelRead
INFO 30 [2018-08-26 09:24:58,539] org.connection.HttpClientInboundHandler - HttpServerInboundHandler.channelRead
INFO 30 [2018-08-26 09:24:58,547] org.connection.HttpClientInboundHandler - HttpServerInboundHandler.channelRead
INFO 30 [2018-08-26 09:24:58,549] org.connection.HttpClientInboundHandler - HttpServerInboundHandler.channelRead
INFO 30 [2018-08-26 09:24:58,552] org.connection.HttpClientInboundHandler - HttpServerInboundHandler.channelRead
INFO 30 [2018-08-26 09:24:58,554] org.connection.HttpClientInboundHandler - HttpServerInboundHandler.channelRead
INFO 30 [2018-08-26 09:24:58,557] org.connection.HttpClientInboundHandler - HttpServerInboundHandler.channelRead
INFO 30 [2018-08-26 09:24:58,559] org.connection.HttpClientInboundHandler - HttpServerInboundHandler.channelRead
INFO 30 [2018-08-26 09:24:58,561] org.connection.HttpClientInboundHandler - HttpServerInboundHandler.channelRead
INFO 30 [2018-08-26 09:24:58,563] org.connection.HttpClientInboundHandler - HttpServerInboundHandler.channelRead
INFO 30 [2018-08-26 09:24:58,565] org.connection.HttpClientInboundHandler - HttpServerInboundHandler.channelRead
INFO 30 [2018-08-26 09:24:58,568] org.connection.HttpClientInboundHandler - HttpServerInboundHandler.channelRead
INFO 30 [2018-08-26 09:24:58,570] org.connection.HttpClientInboundHandler - HttpServerInboundHandler.channelRead
INFO 30 [2018-08-26 09:24:58,572] org.connection.HttpClientInboundHandler - HttpServerInboundHandler.channelRead
INFO 30 [2018-08-26 09:24:58,574] org.connection.HttpClientInboundHandler - HttpServerInboundHandler.channelRead
INFO 30 [2018-08-26 09:24:58,578] org.connection.HttpClientInboundHandler - HttpServerInboundHandler.channelRead
INFO 30 [2018-08-26 09:24:58,580] org.connection.HttpClientInboundHandler - HttpServerInboundHandler.channelRead
INFO 30 [2018-08-26 09:24:58,582] org.connection.HttpClientInboundHandler - HttpServerInboundHandler.channelRead
INFO 30 [2018-08-26 09:24:58,584] org.connection.HttpClientInboundHandler - HttpServerInboundHandler.channelRead
INFO 30 [2018-08-26 09:25:24,257] org.connection.HttpClientInboundHandler - HttpServerInboundHandler.channelRead
INFO 30 [2018-08-26 09:26:07,621] org.connection.HttpClientInboundHandler - HttpServerInboundHandler.channelRead
INFO 30 [2018-08-26 09:26:15,524] org.connection.HttpClientInboundHandler - HttpServerInboundHandler.channelRead
INFO 30 [2018-08-26 09:26:15,534] org.connection.HttpClientInboundHandler - HttpServerInboundHandler.channelRead
INFO 30 [2018-08-26 09:26:15,543] org.connection.HttpClientInboundHandler - HttpServerInboundHandler.channelRead
INFO 30 [2018-08-26 09:26:15,551] org.connection.HttpClientInboundHandler - HttpServerInboundHandler.channelRead
INFO 30 [2018-08-26 09:26:15,559] org.connection.HttpClientInboundHandler - HttpServerInboundHandler.channelRead
INFO 30 [2018-08-26 09:26:15,567] org.connection.HttpClientInboundHandler - HttpServerInboundHandler.channelRead
INFO 30 [2018-08-26 09:26:15,575] org.connection.HttpClientInboundHandler - HttpServerInboundHandler.channelRead
INFO 30 [2018-08-26 09:26:15,579] org.connection.HttpClientInboundHandler - HttpServerInboundHandler.channelRead
INFO 30 [2018-08-26 09:26:15,581] org.connection.HttpClientInboundHandler - HttpServerInboundHandler.channelRead
INFO 30 [2018-08-26 09:26:15,584] org.connection.HttpClientInboundHandler - HttpServerInboundHandler.channelRead
INFO 30 [2018-08-26 09:26:15,587] org.connection.HttpClientInboundHandler - HttpServerInboundHandler.channelRead
INFO 30 [2018-08-26 09:26:15,589] org.connection.HttpClientInboundHandler - HttpServerInboundHandler.channelRead
INFO 30 [2018-08-26 09:26:15,592] org.connection.HttpClientInboundHandler - HttpServerInboundHandler.channelRead
INFO 30 [2018-08-26 09:26:15,594] org.connection.HttpClientInboundHandler - HttpServerInboundHandler.channelRead
INFO 30 [2018-08-26 09:26:15,596] org.connection.HttpClientInboundHandler - HttpServerInboundHandler.channelRead
INFO 30 [2018-08-26 09:26:15,599] org.connection.HttpClientInboundHandler - HttpServerInboundHandler.channelRead
INFO 30 [2018-08-26 09:26:15,601] org.connection.HttpClientInboundHandler - HttpServerInboundHandler.channelRead
INFO 30 [2018-08-26 09:26:15,604] org.connection.HttpClientInboundHandler - HttpServerInboundHandler.channelRead
INFO 30 [2018-08-26 09:26:15,606] org.connection.HttpClientInboundHandler - HttpServerInboundHandler.channelRead
INFO 30 [2018-08-26 09:26:15,611] org.connection.HttpClientInboundHandler - HttpServerInboundHandler.channelRead
INFO 30 [2018-08-26 09:26:15,613] org.connection.HttpClientInboundHandler - HttpServerInboundHandler.channelRead
INFO 30 [2018-08-26 09:26:15,616] org.connection.HttpClientInboundHandler - HttpServerInboundHandler.channelRead
INFO 30 [2018-08-26 09:26:15,618] org.connection.HttpClientInboundHandler - HttpServerInboundHandler.channelRead
INFO 30 [2018-08-26 09:26:39,631] org.connection.HttpClientInboundHandler - HttpServerInboundHandler.channelRead
INFO 30 [2018-08-26 09:28:50,003] org.connection.HttpClientInboundHandler - HttpServerInboundHandler.channelRead
INFO 30 [2018-08-26 09:28:50,020] org.connection.HttpClientInboundHandler - HttpServerInboundHandler.channelRead
INFO 30 [2018-08-26 09:29:25,887] org.connection.HttpClientInboundHandler - HttpServerInboundHandler.channelRead
INFO 29 [2018-08-26 09:29:31,861] org.connection.HttpServerInboundHandler - HttpServerInboundHandler.channelRead
INFO 30 [2018-08-26 09:29:57,835] org.connection.HttpClientInboundHandler - HttpServerInboundHandler.channelRead
INFO 29 [2018-08-26 09:29:57,992] org.connection.HttpServerInboundHandler - HttpServerInboundHandler.channelRead
INFO 30 [2018-08-26 09:30:13,110] org.connection.HttpClientInboundHandler - HttpServerInboundHandler.channelRead
INFO 29 [2018-08-26 09:30:13,121] org.connection.HttpServerInboundHandler - HttpServerInboundHandler.channelRead
INFO 30 [2018-08-26 09:30:13,559] org.connection.HttpClientInboundHandler - HttpServerInboundHandler.channelRead
INFO 29 [2018-08-26 09:30:13,561] org.connection.HttpServerInboundHandler - HttpServerInboundHandler.channelRead
INFO 30 [2018-08-26 09:30:14,114] org.connection.HttpClientInboundHandler - HttpServerInboundHandler.channelRead
INFO 29 [2018-08-26 09:30:14,115] org.connection.HttpServerInboundHandler - HttpServerInboundHandler.channelRead
INFO 30 [2018-08-26 09:30:55,324] org.connection.HttpClientInboundHandler - HttpServerInboundHandler.channelRead
INFO 29 [2018-08-26 09:30:55,333] org.connection.HttpServerInboundHandler - HttpServerInboundHandler.channelRead
INFO 30 [2018-08-26 09:35:55,412] org.connection.HttpClientInboundHandler - HttpServerInboundHandler.channelRead
INFO 29 [2018-08-26 09:35:55,571] org.connection.HttpServerInboundHandler - HttpServerInboundHandler.channelRead
