ERROR 31 [2018-08-23 12:55:30,304] org.connection.TCPConn - Inbound Server crash!!!
java.io.IOException: bind() failed: 地址已在使用
	at io.netty.channel.epoll.Native.newIOException(Native.java:124)
	at io.netty.channel.epoll.Native.bind(Native.java:390)
	at io.netty.channel.epoll.EpollServerSocketChannel.doBind(EpollServerSocketChannel.java:62)
	at io.netty.channel.AbstractChannel$AbstractUnsafe.bind(AbstractChannel.java:554)
	at io.netty.channel.DefaultChannelPipeline$HeadContext.bind(DefaultChannelPipeline.java:1237)
	at io.netty.channel.ChannelHandlerInvokerUtil.invokeBindNow(ChannelHandlerInvokerUtil.java:109)
	at io.netty.channel.DefaultChannelHandlerInvoker.invokeBind(DefaultChannelHandlerInvoker.java:214)
	at io.netty.channel.PausableChannelEventExecutor.invokeBind(PausableChannelEventExecutor.java:101)
	at io.netty.channel.AbstractChannelHandlerContext.bind(AbstractChannelHandlerContext.java:481)
	at io.netty.channel.DefaultChannelPipeline.bind(DefaultChannelPipeline.java:1013)
	at io.netty.channel.AbstractChannel.bind(AbstractChannel.java:236)
	at io.netty.bootstrap.AbstractBootstrap$2.run(AbstractBootstrap.java:357)
	at io.netty.util.concurrent.SingleThreadEventExecutor.runAllTasks(SingleThreadEventExecutor.java:328)
	at io.netty.channel.epoll.EpollEventLoop.run(EpollEventLoop.java:254)
	at io.netty.util.concurrent.SingleThreadEventExecutor$2.run(SingleThreadEventExecutor.java:116)
	at java.util.concurrent.ThreadPoolExecutor.runWorker(ThreadPoolExecutor.java:1149)
	at java.util.concurrent.ThreadPoolExecutor$Worker.run(ThreadPoolExecutor.java:624)
	at java.lang.Thread.run(Thread.java:748)
ERROR 31 [2018-08-23 13:30:33,531] org.connection.TCPConn - Inbound Server crash!!!
java.io.IOException: bind() failed: 地址已在使用
	at io.netty.channel.epoll.Native.newIOException(Native.java:124)
	at io.netty.channel.epoll.Native.bind(Native.java:390)
	at io.netty.channel.epoll.EpollServerSocketChannel.doBind(EpollServerSocketChannel.java:62)
	at io.netty.channel.AbstractChannel$AbstractUnsafe.bind(AbstractChannel.java:554)
	at io.netty.channel.DefaultChannelPipeline$HeadContext.bind(DefaultChannelPipeline.java:1237)
	at io.netty.channel.ChannelHandlerInvokerUtil.invokeBindNow(ChannelHandlerInvokerUtil.java:109)
	at io.netty.channel.DefaultChannelHandlerInvoker.invokeBind(DefaultChannelHandlerInvoker.java:214)
	at io.netty.channel.PausableChannelEventExecutor.invokeBind(PausableChannelEventExecutor.java:101)
	at io.netty.channel.AbstractChannelHandlerContext.bind(AbstractChannelHandlerContext.java:481)
	at io.netty.channel.DefaultChannelPipeline.bind(DefaultChannelPipeline.java:1013)
	at io.netty.channel.AbstractChannel.bind(AbstractChannel.java:236)
	at io.netty.bootstrap.AbstractBootstrap$2.run(AbstractBootstrap.java:357)
	at io.netty.util.concurrent.SingleThreadEventExecutor.runAllTasks(SingleThreadEventExecutor.java:328)
	at io.netty.channel.epoll.EpollEventLoop.run(EpollEventLoop.java:254)
	at io.netty.util.concurrent.SingleThreadEventExecutor$2.run(SingleThreadEventExecutor.java:116)
	at java.util.concurrent.ThreadPoolExecutor.runWorker(ThreadPoolExecutor.java:1149)
	at java.util.concurrent.ThreadPoolExecutor$Worker.run(ThreadPoolExecutor.java:624)
	at java.lang.Thread.run(Thread.java:748)
ERROR 31 [2018-08-23 13:40:13,806] org.connection.TCPConn - Inbound Server crash!!!
java.io.IOException: bind() failed: 地址已在使用
	at io.netty.channel.epoll.Native.newIOException(Native.java:124)
	at io.netty.channel.epoll.Native.bind(Native.java:390)
	at io.netty.channel.epoll.EpollServerSocketChannel.doBind(EpollServerSocketChannel.java:62)
	at io.netty.channel.AbstractChannel$AbstractUnsafe.bind(AbstractChannel.java:554)
	at io.netty.channel.DefaultChannelPipeline$HeadContext.bind(DefaultChannelPipeline.java:1237)
	at io.netty.channel.ChannelHandlerInvokerUtil.invokeBindNow(ChannelHandlerInvokerUtil.java:109)
	at io.netty.channel.DefaultChannelHandlerInvoker.invokeBind(DefaultChannelHandlerInvoker.java:214)
	at io.netty.channel.PausableChannelEventExecutor.invokeBind(PausableChannelEventExecutor.java:101)
	at io.netty.channel.AbstractChannelHandlerContext.bind(AbstractChannelHandlerContext.java:481)
	at io.netty.channel.DefaultChannelPipeline.bind(DefaultChannelPipeline.java:1013)
	at io.netty.channel.AbstractChannel.bind(AbstractChannel.java:236)
	at io.netty.bootstrap.AbstractBootstrap$2.run(AbstractBootstrap.java:357)
	at io.netty.util.concurrent.SingleThreadEventExecutor.runAllTasks(SingleThreadEventExecutor.java:328)
	at io.netty.channel.epoll.EpollEventLoop.run(EpollEventLoop.java:254)
	at io.netty.util.concurrent.SingleThreadEventExecutor$2.run(SingleThreadEventExecutor.java:116)
	at java.util.concurrent.ThreadPoolExecutor.runWorker(ThreadPoolExecutor.java:1149)
	at java.util.concurrent.ThreadPoolExecutor$Worker.run(ThreadPoolExecutor.java:624)
	at java.lang.Thread.run(Thread.java:748)
